Oct 14, 2018 1:34:54 AM Initializer doGet
INFO: server started
Oct 14, 2018 1:35:08 AM databaseConnection selectPassword
SEVERE: at line 477:ResultSet not positioned properly, perhaps you need to call next.
Oct 14, 2018 1:35:44 AM PrintAllCandidateDetails doPost
INFO: Request received for table candidatedetails
Oct 14, 2018 1:35:44 AM databaseConnection selectAllData
INFO: sent requested table to client
Oct 14, 2018 1:35:56 AM PrintAllCandidateDetails doPost
INFO: Request received for table github
Oct 14, 2018 1:35:56 AM databaseConnection selectAllData
INFO: sent requested table to client
Oct 14, 2018 1:35:59 AM PrintAllCandidateDetails doPost
INFO: Request received for table candidatedetails
Oct 14, 2018 1:35:59 AM databaseConnection selectAllData
INFO: sent requested table to client
Oct 14, 2018 1:36:01 AM PrintAllCandidateDetails doPost
INFO: Request received for table codechef
Oct 14, 2018 1:36:01 AM databaseConnection selectAllData
INFO: sent requested table to client
Oct 14, 2018 1:36:05 AM PrintAllCandidateDetails doPost
INFO: Request received for table candidatedetails
Oct 14, 2018 1:36:06 AM databaseConnection selectAllData
INFO: sent requested table to client
Oct 14, 2018 1:36:07 AM PrintAllCandidateDetails doPost
INFO: Request received for table hackerrank
Oct 14, 2018 1:36:07 AM databaseConnection selectAllData
INFO: sent requested table to client
Oct 14, 2018 1:36:09 AM PrintAllCandidateDetails doPost
INFO: Request received for table candidatedetails
Oct 14, 2018 1:36:09 AM databaseConnection selectAllData
INFO: sent requested table to client
