Oct 14, 2018 1:30:50 AM Initializer doGet
INFO: server started
Oct 14, 2018 1:31:00 AM LoginOTP doPost
INFO: user entered OTP sendOTP
Oct 14, 2018 1:31:01 AM databaseConnection selectOTP
SEVERE: at line 450:ResultSet not positioned properly, perhaps you need to call next.
Oct 14, 2018 1:31:05 AM LoginOTP doPost
INFO: user entered OTP 3525
Oct 14, 2018 1:31:05 AM LoginOTP doPost
INFO: entered OTP is WRONG
Oct 14, 2018 1:31:06 AM LoginOTP doPost
INFO: Generated OTP is 0112. Sent OTP via mail
Oct 14, 2018 1:31:21 AM LoginOTP doPost
INFO: user entered OTP 3525
Oct 14, 2018 1:31:21 AM LoginOTP doPost
INFO: entered OTP is WRONG
Oct 14, 2018 1:31:52 AM LoginOTP doPost
INFO: user entered OTP 0112
Oct 14, 2018 1:31:52 AM LoginOTP doPost
INFO: entered OTP is CORRECT
Oct 14, 2018 1:32:38 AM databaseConnection insertDataCandidate
INFO: candidate details inserted in candidatedetails table
Oct 14, 2018 1:32:50 AM databaseConnection insertDataScraped
INFO: scrapped details from Codechef
Oct 14, 2018 1:32:55 AM databaseConnection insertDataScraped
INFO: scrapped details from Hackerrank
Oct 14, 2018 1:33:03 AM databaseConnection insertDataScraped
INFO: scrapped details from Github
Oct 14, 2018 1:33:03 AM databaseConnection insertDataScraped
INFO: codechef details inserted into database
Oct 14, 2018 1:33:03 AM databaseConnection insertDataScraped
INFO: hackerrank details inserted into database
Oct 14, 2018 1:33:03 AM databaseConnection insertDataScraped
INFO: GitHub details inserted into database
